14:15:50 **** Build of configuration Debug for project Mini_Project2 ****
make all 
Building file: ../mini_project2.c
Invoking: AVR Compiler
avr-gcc -Wall -g2 -gstabs -O0 -fpack-struct -fshort-enums -ffunction-sections -fdata-sections -std=gnu99 -funsigned-char -funsigned-bitfields -mmcu=atmega32 -DF_CPU=1000000UL -MMD -MP -MF"mini_project2.d" -MT"mini_project2.o" -c -o "mini_project2.o" "../mini_project2.c"
In file included from ../mini_project2.c:3:
c:/winavr-20100110/lib/gcc/../../avr/include/util/delay.h:90:3: warning: #warning "Compiler optimizations disabled; functions from <util/delay.h> won't work as designed"
Finished building: ../mini_project2.c
 
Building target: Mini_Project2.elf
Invoking: AVR C Linker
avr-gcc -Wl,-Map,Mini_Project2.map -mmcu=atmega32 -o "Mini_Project2.elf"  ./mini_project2.o   
Finished building target: Mini_Project2.elf
 
Invoking: AVR Create Extended Listing
avr-objdump -h -S Mini_Project2.elf  >"Mini_Project2.lss"
Finished building: Mini_Project2.lss
 
Invoking: Print Size
avr-size --format=avr --mcu=atmega32 Mini_Project2.elf
AVR Memory Usage
----------------
Device: atmega32

Program:    5598 bytes (17.1% Full)
(.text + .data + .bootloader)

Data:         11 bytes (0.5% Full)
(.data + .bss + .noinit)


Finished building: sizedummy
 

14:15:51 Build Finished. 0 errors, 1 warnings. (took 963ms)

